e:\documents\visual studio 2013\projects\qt\qttest\tcpsever\tcpsever\debug\vc120.pdb
e:\documents\visual studio 2013\projects\qt\qttest\tcpsever\tcpsever\debug\qrc_tcpsever.obj
e:\documents\visual studio 2013\projects\qt\qttest\tcpsever\tcpsever\debug\tcpsever.obj
e:\documents\visual studio 2013\projects\qt\qttest\tcpsever\tcpsever\debug\main.obj
e:\documents\visual studio 2013\projects\qt\qttest\tcpsever\tcpsever\debug\moc_tcpsever.obj
e:\documents\visual studio 2013\projects\qt\qttest\tcpsever\tcpsever\generatedfiles\ui_tcpsever.h
e:\documents\visual studio 2013\projects\qt\qttest\tcpsever\tcpsever\generatedfiles\qrc_tcpsever.cpp
e:\documents\visual studio 2013\projects\qt\qttest\tcpsever\tcpsever\generatedfiles\debug\moc_tcpsever.cpp
e:\documents\visual studio 2013\projects\qt\qttest\tcpsever\win32\debug\tcpsever.ilk
e:\documents\visual studio 2013\projects\qt\qttest\tcpsever\win32\debug\tcpsever.exe
e:\documents\visual studio 2013\projects\qt\qttest\tcpsever\win32\debug\tcpsever.pdb
e:\documents\visual studio 2013\projects\qt\qttest\tcpsever\tcpsever\debug\tcpsever.tlog\cl.command.1.tlog
e:\documents\visual studio 2013\projects\qt\qttest\tcpsever\tcpsever\debug\tcpsever.tlog\cl.read.1.tlog
e:\documents\visual studio 2013\projects\qt\qttest\tcpsever\tcpsever\debug\tcpsever.tlog\cl.write.1.tlog
e:\documents\visual studio 2013\projects\qt\qttest\tcpsever\tcpsever\debug\tcpsever.tlog\custombuild.command.1.tlog
e:\documents\visual studio 2013\projects\qt\qttest\tcpsever\tcpsever\debug\tcpsever.tlog\custombuild.read.1.tlog
e:\documents\visual studio 2013\projects\qt\qttest\tcpsever\tcpsever\debug\tcpsever.tlog\custombuild.write.1.tlog
e:\documents\visual studio 2013\projects\qt\qttest\tcpsever\tcpsever\debug\tcpsever.tlog\link.command.1.tlog
e:\documents\visual studio 2013\projects\qt\qttest\tcpsever\tcpsever\debug\tcpsever.tlog\link.read.1.tlog
e:\documents\visual studio 2013\projects\qt\qttest\tcpsever\tcpsever\debug\tcpsever.tlog\link.write.1.tlog
