e:\documents\visual studio 2013\projects\qt\qttest\chessdemo\chessdemo\debug\vc120.pdb
e:\documents\visual studio 2013\projects\qt\qttest\chessdemo\chessdemo\debug\main.obj
e:\documents\visual studio 2013\projects\qt\qttest\chessdemo\chessdemo\debug\moc_chessdemo.obj
e:\documents\visual studio 2013\projects\qt\qttest\chessdemo\chessdemo\debug\chessdemo.obj
e:\documents\visual studio 2013\projects\qt\qttest\chessdemo\chessdemo\debug\qrc_chessdemo.obj
e:\documents\visual studio 2013\projects\qt\qttest\chessdemo\chessdemo\generatedfiles\debug\moc_chessdemo.cpp
e:\documents\visual studio 2013\projects\qt\qttest\chessdemo\chessdemo\generatedfiles\ui_chessdemo.h
e:\documents\visual studio 2013\projects\qt\qttest\chessdemo\chessdemo\generatedfiles\qrc_chessdemo.cpp
e:\documents\visual studio 2013\projects\qt\qttest\chessdemo\win32\debug\chessdemo.ilk
e:\documents\visual studio 2013\projects\qt\qttest\chessdemo\win32\debug\chessdemo.exe
e:\documents\visual studio 2013\projects\qt\qttest\chessdemo\win32\debug\chessdemo.pdb
e:\documents\visual studio 2013\projects\qt\qttest\chessdemo\chessdemo\debug\chessdemo.tlog\cl.command.1.tlog
e:\documents\visual studio 2013\projects\qt\qttest\chessdemo\chessdemo\debug\chessdemo.tlog\cl.read.1.tlog
e:\documents\visual studio 2013\projects\qt\qttest\chessdemo\chessdemo\debug\chessdemo.tlog\cl.write.1.tlog
e:\documents\visual studio 2013\projects\qt\qttest\chessdemo\chessdemo\debug\chessdemo.tlog\custombuild.command.1.tlog
e:\documents\visual studio 2013\projects\qt\qttest\chessdemo\chessdemo\debug\chessdemo.tlog\custombuild.read.1.tlog
e:\documents\visual studio 2013\projects\qt\qttest\chessdemo\chessdemo\debug\chessdemo.tlog\custombuild.write.1.tlog
e:\documents\visual studio 2013\projects\qt\qttest\chessdemo\chessdemo\debug\chessdemo.tlog\link.command.1.tlog
e:\documents\visual studio 2013\projects\qt\qttest\chessdemo\chessdemo\debug\chessdemo.tlog\link.read.1.tlog
e:\documents\visual studio 2013\projects\qt\qttest\chessdemo\chessdemo\debug\chessdemo.tlog\link.write.1.tlog
