e:\documents\visual studio 2013\projects\qt\qttest\tcpsever\tcpclient\debug\vc120.pdb
e:\documents\visual studio 2013\projects\qt\qttest\tcpsever\tcpclient\debug\qrc_tcpclient.obj
e:\documents\visual studio 2013\projects\qt\qttest\tcpsever\tcpclient\debug\tcpclient.obj
e:\documents\visual studio 2013\projects\qt\qttest\tcpsever\tcpclient\debug\main.obj
e:\documents\visual studio 2013\projects\qt\qttest\tcpsever\tcpclient\debug\moc_tcpclient.obj
e:\documents\visual studio 2013\projects\qt\qttest\tcpsever\tcpclient\generatedfiles\qrc_tcpclient.cpp
e:\documents\visual studio 2013\projects\qt\qttest\tcpsever\tcpclient\generatedfiles\ui_tcpclient.h
e:\documents\visual studio 2013\projects\qt\qttest\tcpsever\tcpclient\generatedfiles\debug\moc_tcpclient.cpp
e:\documents\visual studio 2013\projects\qt\qttest\tcpsever\win32\debug\tcpclient.ilk
e:\documents\visual studio 2013\projects\qt\qttest\tcpsever\win32\debug\tcpclient.exe
e:\documents\visual studio 2013\projects\qt\qttest\tcpsever\win32\debug\tcpclient.pdb
e:\documents\visual studio 2013\projects\qt\qttest\tcpsever\tcpclient\debug\tcpclient.tlog\cl.command.1.tlog
e:\documents\visual studio 2013\projects\qt\qttest\tcpsever\tcpclient\debug\tcpclient.tlog\cl.read.1.tlog
e:\documents\visual studio 2013\projects\qt\qttest\tcpsever\tcpclient\debug\tcpclient.tlog\cl.write.1.tlog
e:\documents\visual studio 2013\projects\qt\qttest\tcpsever\tcpclient\debug\tcpclient.tlog\custombuild.command.1.tlog
e:\documents\visual studio 2013\projects\qt\qttest\tcpsever\tcpclient\debug\tcpclient.tlog\custombuild.read.1.tlog
e:\documents\visual studio 2013\projects\qt\qttest\tcpsever\tcpclient\debug\tcpclient.tlog\custombuild.write.1.tlog
e:\documents\visual studio 2013\projects\qt\qttest\tcpsever\tcpclient\debug\tcpclient.tlog\link.command.1.tlog
e:\documents\visual studio 2013\projects\qt\qttest\tcpsever\tcpclient\debug\tcpclient.tlog\link.read.1.tlog
e:\documents\visual studio 2013\projects\qt\qttest\tcpsever\tcpclient\debug\tcpclient.tlog\link.write.1.tlog
