e:\documents\visual studio 2013\projects\qt\qttest\writeexcel\writeexcel\debug\vc120.pdb
e:\documents\visual studio 2013\projects\qt\qttest\writeexcel\writeexcel\debug\qrc_writeexcel.obj
e:\documents\visual studio 2013\projects\qt\qttest\writeexcel\writeexcel\debug\writeexcel.obj
e:\documents\visual studio 2013\projects\qt\qttest\writeexcel\writeexcel\debug\main.obj
e:\documents\visual studio 2013\projects\qt\qttest\writeexcel\writeexcel\debug\moc_writeexcel.obj
e:\documents\visual studio 2013\projects\qt\qttest\writeexcel\writeexcel\generatedfiles\ui_writeexcel.h
e:\documents\visual studio 2013\projects\qt\qttest\writeexcel\writeexcel\generatedfiles\qrc_writeexcel.cpp
e:\documents\visual studio 2013\projects\qt\qttest\writeexcel\writeexcel\generatedfiles\debug\moc_writeexcel.cpp
e:\documents\visual studio 2013\projects\qt\qttest\writeexcel\win32\debug\writeexcel.ilk
e:\documents\visual studio 2013\projects\qt\qttest\writeexcel\win32\debug\writeexcel.exe
e:\documents\visual studio 2013\projects\qt\qttest\writeexcel\win32\debug\writeexcel.pdb
e:\documents\visual studio 2013\projects\qt\qttest\writeexcel\writeexcel\debug\writeexcel.tlog\cl.command.1.tlog
e:\documents\visual studio 2013\projects\qt\qttest\writeexcel\writeexcel\debug\writeexcel.tlog\cl.read.1.tlog
e:\documents\visual studio 2013\projects\qt\qttest\writeexcel\writeexcel\debug\writeexcel.tlog\cl.write.1.tlog
e:\documents\visual studio 2013\projects\qt\qttest\writeexcel\writeexcel\debug\writeexcel.tlog\custombuild.command.1.tlog
e:\documents\visual studio 2013\projects\qt\qttest\writeexcel\writeexcel\debug\writeexcel.tlog\custombuild.read.1.tlog
e:\documents\visual studio 2013\projects\qt\qttest\writeexcel\writeexcel\debug\writeexcel.tlog\custombuild.write.1.tlog
e:\documents\visual studio 2013\projects\qt\qttest\writeexcel\writeexcel\debug\writeexcel.tlog\link.command.1.tlog
e:\documents\visual studio 2013\projects\qt\qttest\writeexcel\writeexcel\debug\writeexcel.tlog\link.read.1.tlog
e:\documents\visual studio 2013\projects\qt\qttest\writeexcel\writeexcel\debug\writeexcel.tlog\link.write.1.tlog
