e:\documents\visual studio 2013\projects\qt\qttest\realtimesin\realtimesin\debug\vc120.pdb
e:\documents\visual studio 2013\projects\qt\qttest\realtimesin\realtimesin\debug\qcustomplot.obj
e:\documents\visual studio 2013\projects\qt\qttest\realtimesin\realtimesin\debug\main.obj
e:\documents\visual studio 2013\projects\qt\qttest\realtimesin\realtimesin\debug\moc_qcustomplot.obj
e:\documents\visual studio 2013\projects\qt\qttest\realtimesin\realtimesin\debug\moc_mainwindow.obj
e:\documents\visual studio 2013\projects\qt\qttest\realtimesin\realtimesin\debug\mainwindow.obj
e:\documents\visual studio 2013\projects\qt\qttest\realtimesin\realtimesin\debug\qrc_mainwindow.obj
e:\documents\visual studio 2013\projects\qt\qttest\realtimesin\realtimesin\generatedfiles\debug\moc_mainwindow.cpp
e:\documents\visual studio 2013\projects\qt\qttest\realtimesin\realtimesin\generatedfiles\ui_mainwindow.h
e:\documents\visual studio 2013\projects\qt\qttest\realtimesin\realtimesin\generatedfiles\debug\moc_qcustomplot.cpp
e:\documents\visual studio 2013\projects\qt\qttest\realtimesin\realtimesin\generatedfiles\qrc_mainwindow.cpp
e:\documents\visual studio 2013\projects\qt\qttest\realtimesin\win32\debug\realtimesin.ilk
e:\documents\visual studio 2013\projects\qt\qttest\realtimesin\win32\debug\realtimesin.exe
e:\documents\visual studio 2013\projects\qt\qttest\realtimesin\win32\debug\realtimesin.pdb
e:\documents\visual studio 2013\projects\qt\qttest\realtimesin\realtimesin\debug\realtimesin.tlog\cl.command.1.tlog
e:\documents\visual studio 2013\projects\qt\qttest\realtimesin\realtimesin\debug\realtimesin.tlog\cl.read.1.tlog
e:\documents\visual studio 2013\projects\qt\qttest\realtimesin\realtimesin\debug\realtimesin.tlog\cl.write.1.tlog
e:\documents\visual studio 2013\projects\qt\qttest\realtimesin\realtimesin\debug\realtimesin.tlog\custombuild.command.1.tlog
e:\documents\visual studio 2013\projects\qt\qttest\realtimesin\realtimesin\debug\realtimesin.tlog\custombuild.read.1.tlog
e:\documents\visual studio 2013\projects\qt\qttest\realtimesin\realtimesin\debug\realtimesin.tlog\custombuild.write.1.tlog
e:\documents\visual studio 2013\projects\qt\qttest\realtimesin\realtimesin\debug\realtimesin.tlog\link.command.1.tlog
e:\documents\visual studio 2013\projects\qt\qttest\realtimesin\realtimesin\debug\realtimesin.tlog\link.read.1.tlog
e:\documents\visual studio 2013\projects\qt\qttest\realtimesin\realtimesin\debug\realtimesin.tlog\link.write.1.tlog
