e:\documents\visual studio 2013\projects\qt\qtdemo\qtdemo\x64\debug\vc120.pdb
e:\documents\visual studio 2013\projects\qt\qtdemo\qtdemo\x64\debug\qtdemo.obj
e:\documents\visual studio 2013\projects\qt\qtdemo\qtdemo\x64\debug\main.obj
e:\documents\visual studio 2013\projects\qt\qtdemo\qtdemo\x64\debug\moc_qtdemo.obj
e:\documents\visual studio 2013\projects\qt\qtdemo\qtdemo\x64\debug\qrc_qtdemo.obj
e:\documents\visual studio 2013\projects\qt\qtdemo\qtdemo\generatedfiles\debug\moc_qtdemo.cpp
e:\documents\visual studio 2013\projects\qt\qtdemo\qtdemo\generatedfiles\ui_qtdemo.h
e:\documents\visual studio 2013\projects\qt\qtdemo\qtdemo\generatedfiles\qrc_qtdemo.cpp
e:\documents\visual studio 2013\projects\qt\qtdemo\x64\debug\qtdemo.ilk
e:\documents\visual studio 2013\projects\qt\qtdemo\x64\debug\qtdemo.exe
e:\documents\visual studio 2013\projects\qt\qtdemo\x64\debug\qtdemo.pdb
e:\documents\visual studio 2013\projects\qt\qtdemo\qtdemo\x64\debug\qtdemo.tlog\cl.command.1.tlog
e:\documents\visual studio 2013\projects\qt\qtdemo\qtdemo\x64\debug\qtdemo.tlog\cl.read.1.tlog
e:\documents\visual studio 2013\projects\qt\qtdemo\qtdemo\x64\debug\qtdemo.tlog\cl.write.1.tlog
e:\documents\visual studio 2013\projects\qt\qtdemo\qtdemo\x64\debug\qtdemo.tlog\custombuild.command.1.tlog
e:\documents\visual studio 2013\projects\qt\qtdemo\qtdemo\x64\debug\qtdemo.tlog\custombuild.read.1.tlog
e:\documents\visual studio 2013\projects\qt\qtdemo\qtdemo\x64\debug\qtdemo.tlog\custombuild.write.1.tlog
e:\documents\visual studio 2013\projects\qt\qtdemo\qtdemo\x64\debug\qtdemo.tlog\link.command.1.tlog
e:\documents\visual studio 2013\projects\qt\qtdemo\qtdemo\x64\debug\qtdemo.tlog\link.read.1.tlog
e:\documents\visual studio 2013\projects\qt\qtdemo\qtdemo\x64\debug\qtdemo.tlog\link.write.1.tlog
