生成启动时间为 2019/4/11 21:29:11。
     1>项目“E:\Documents\Visual Studio 2013\Projects\QT\AnalogClock\AnalogClock\AnalogClock.vcxproj”在节点 2 上(Build 个目标)。
     1>CustomBuild:
         Moc'ing analogclock.h...
         Uic'ing analogclock.ui...
         Rcc'ing analogclock.qrc...
       ClCompile:
         D:\Program Files (x86)\Microsoft Visual Studio 12.0\VC\bin\CL.exe /c /I.\GeneratedFiles /I. /ID:\Qt\Qt5.5.0\5.5\msvc2013\include /I.\GeneratedFiles\Debug /ID:\Qt\Qt5.5.0\5.5\msvc2013\include\QtCore /ID:\Qt\Qt5.5.0\5.5\msvc2013\include\QtGui /ID:\Qt\Qt5.5.0\5.5\msvc2013\include\QtWidgets /Zi /nologo /W1 /WX- /Od /Oy- /D UNICODE /D WIN32 /D WIN64 /D QT_DLL /D QT_CORE_LIB /D QT_GUI_LIB /D QT_WIDGETS_LIB /Gm- /EHsc /MDd /GS /fp:precise /Zc:wchar_t /Zc:forScope /Fo"Debug\\" /Fd"Debug\vc120.pdb" /Gd /TP /analyze- /errorReport:prompt analogclock.cpp GeneratedFiles\Debug\moc_analogclock.cpp main.cpp
         analogclock.cpp
         moc_analogclock.cpp
         main.cpp
         正在生成代码...
         D:\Program Files (x86)\Microsoft Visual Studio 12.0\VC\bin\CL.exe /c /I.\GeneratedFiles /I. /ID:\Qt\Qt5.5.0\5.5\msvc2013\include /I.\GeneratedFiles\Debug /ID:\Qt\Qt5.5.0\5.5\msvc2013\include\QtCore /ID:\Qt\Qt5.5.0\5.5\msvc2013\include\QtGui /ID:\Qt\Qt5.5.0\5.5\msvc2013\include\QtWidgets /Zi /nologo /W1 /WX- /Od /Oy- /D UNICODE /D WIN32 /D WIN64 /D QT_DLL /D QT_CORE_LIB /D QT_GUI_LIB /D QT_WIDGETS_LIB /Gm- /EHsc /MDd /GS /fp:precise /Zc:wchar_t /Zc:forScope /Fo"Debug\\" /Fd"Debug\vc120.pdb" /Gd /TP /analyze- /errorReport:prompt GeneratedFiles\qrc_analogclock.cpp
         qrc_analogclock.cpp
       Link:
         D:\Program Files (x86)\Microsoft Visual Studio 12.0\VC\bin\link.exe /ERRORREPORT:PROMPT /OUT:"E:\Documents\Visual Studio 2013\Projects\QT\AnalogClock\Win32\Debug\\AnalogClock.exe" /NOLOGO /LIBPATH:D:\Qt\Qt5.5.0\5.5\msvc2013\lib qtmaind.lib Qt5Cored.lib Qt5Guid.lib Qt5Widgetsd.lib kernel32.lib user32.lib gdi32.lib winspool.lib comdlg32.lib advapi32.lib shell32.lib ole32.lib oleaut32.lib uuid.lib odbc32.lib odbccp32.lib /MANIFEST /MANIFESTUAC:"level='asInvoker' uiAccess='false'" /manifest:embed /DEBUG /PDB:"E:\Documents\Visual Studio 2013\Projects\QT\AnalogClock\Win32\Debug\AnalogClock.pdb" /SUBSYSTEM:WINDOWS /TLBID:1 /DYNAMICBASE /NXCOMPAT /IMPLIB:"E:\Documents\Visual Studio 2013\Projects\QT\AnalogClock\Win32\Debug\AnalogClock.lib" /MACHINE:X86 /SAFESEH Debug\analogclock.obj
         Debug\moc_analogclock.obj
         Debug\qrc_analogclock.obj
         Debug\main.obj
         AnalogClock.vcxproj -> E:\Documents\Visual Studio 2013\Projects\QT\AnalogClock\Win32\Debug\AnalogClock.exe
     1>已完成生成项目“E:\Documents\Visual Studio 2013\Projects\QT\AnalogClock\AnalogClock\AnalogClock.vcxproj”(Build 个目标)的操作。

生成成功。

已用时间 00:00:04.28
